1500522420249	geckodriver	INFO	geckodriver 0.18.0
1500522420346	geckodriver	INFO	Listening on 127.0.0.1:50288
1500522421709	geckodriver::marionette	INFO	Starting browser /Applications/Firefox.app/Contents/MacOS/firefox-bin with args ["-marionette"]
1500522425603	Marionette	INFO	Listening on port 50297
1500522425742	Marionette	WARN	TLS certificate errors will be ignored for this session
1500522426130	Marionette	DEBUG	loaded listener.js
1500522426188	Marionette	DEBUG	Received DOM event "beforeunload" for "about:blank"
1500522426308	Marionette	DEBUG	Received DOM event "beforeunload" for "about:blank"
1500522426319	Marionette	DEBUG	Received DOM event "pagehide" for "about:blank"
1500522426319	Marionette	DEBUG	Received DOM event "unload" for "about:blank"
1500522426469	Marionette	DEBUG	Received DOM event "DOMContentLoaded" for "about:neterror?e=connectionFailure&u=http%3A//localhost%3A8000/&c=UTF-8&f=regular&d=Firefox%20can%E2%80%99t%20establish%20a%20connection%20to%20the%20server%20at%20localhost%3A8000."
2017-07-19 20:47:06.611 plugin-container[2633:22348] *** CFMessagePort: bootstrap_register(): failed 1100 (0x44c) 'Permission denied', port = 0x953f, name = 'com.apple.tsm.portname'
See /usr/include/servers/bootstrap_defs.h for the error codes.
2017-07-19 20:47:06.613 plugin-container[2633:22348] *** CFMessagePort: bootstrap_register(): failed 1100 (0x44c) 'Permission denied', port = 0x9a03, name = 'com.apple.CFPasteboardClient'
See /usr/include/servers/bootstrap_defs.h for the error codes.
1500522510180	geckodriver	INFO	geckodriver 0.18.0
1500522510274	geckodriver	INFO	Listening on 127.0.0.1:50412
1500522511275	geckodriver::marionette	INFO	Starting browser /Applications/Firefox.app/Contents/MacOS/firefox-bin with args ["-marionette"]
1500522514865	Marionette	INFO	Listening on port 50421
1500522514985	Marionette	WARN	TLS certificate errors will be ignored for this session
1500522515520	Marionette	DEBUG	loaded listener.js
1500522515574	Marionette	DEBUG	Received DOM event "beforeunload" for "about:blank"
2017-07-19 20:48:35.681 plugin-container[2769:23147] *** CFMessagePort: bootstrap_register(): failed 1100 (0x44c) 'Permission denied', port = 0x963b, name = 'com.apple.tsm.portname'
See /usr/include/servers/bootstrap_defs.h for the error codes.
2017-07-19 20:48:35.683 plugin-container[2769:23147] *** CFMessagePort: bootstrap_register(): failed 1100 (0x44c) 'Permission denied', port = 0x9903, name = 'com.apple.CFPasteboardClient'
See /usr/include/servers/bootstrap_defs.h for the error codes.
1500522515702	Marionette	DEBUG	Received DOM event "pagehide" for "about:blank"
1500522515703	Marionette	DEBUG	Received DOM event "unload" for "about:blank"
1500522515756	Marionette	DEBUG	Received DOM event "DOMContentLoaded" for "http://localhost:8000/"
1500522515763	Marionette	DEBUG	Received DOM event "pageshow" for "http://localhost:8000/"
1500522816015	Marionette	INFO	Ceased listening
*************************
A coding exception was thrown and uncaught in a Task.

Full message: TypeError: NetworkError when attempting to fetch resource.
Full stack: 
*************************
JavaScript warning: https://www.washingtonpost.com/pb/gr/c/default/r0DnTZ6F53PSpq/wapo-production/8f8c39c9d8.js?_=bee5a, line 39: unreachable code after return statement
JavaScript warning: https://www.washingtonpost.com/pb/gr/c/default/rFOg2p1hDzHHoq/wapo-production/8f8c39c9d8.js?_=bee5a, line 39: unreachable code after return statement
2017-07-19 21:03:55.165 firefox-bin[2768:23042] -deltaZ is deprecated for NSEventTypeMagnify.  Please use -magnification.
JavaScript warning: https://harpers.org/wp-content/themes/harpers/js/common.js?ver=0.0.4, line 12: unreachable code after return statement
JavaScript warning: http://assets.bounceexchange.com/static1/jquery.min.js, line 1: Using //@ to indicate sourceMappingURL pragmas is deprecated. Use //# instead
JavaScript warning: http://assets.bounceexchange.com/static1/jquery.min.js, line 1: Using //@ to indicate sourceMappingURL pragmas is deprecated. Use //# instead
JavaScript warning: https://secure.img-cdn.mediaplex.com/content/0/1551/37064/edge_includes/jquery-2.0.3.min.js, line 1: Using //@ to indicate sourceMappingURL pragmas is deprecated. Use //# instead
JavaScript warning: http://assets.bounceexchange.com/static1/jquery.min.js, line 1: Using //@ to indicate sourceMappingURL pragmas is deprecated. Use //# instead
JavaScript warning: http://assets.bounceexchange.com/static1/jquery.min.js, line 1: Using //@ to indicate sourceMappingURL pragmas is deprecated. Use //# instead
JavaScript warning: http://assets.bounceexchange.com/static1/jquery.min.js, line 1: Using //@ to indicate sourceMappingURL pragmas is deprecated. Use //# instead
1500533087621	geckodriver	INFO	geckodriver 0.18.0
1500533087814	geckodriver	INFO	Listening on 127.0.0.1:52467
1500533088814	geckodriver::marionette	INFO	Starting browser /Applications/Firefox.app/Contents/MacOS/firefox-bin with args ["-marionette"]
1500533096948	Marionette	INFO	Listening on port 52476
1500533097247	Marionette	WARN	TLS certificate errors will be ignored for this session
1500533099382	Marionette	DEBUG	loaded listener.js
1500533099713	Marionette	DEBUG	Received DOM event "beforeunload" for "about:blank"
1500533099939	Marionette	DEBUG	Received DOM event "pagehide" for "about:blank"
1500533099940	Marionette	DEBUG	Received DOM event "unload" for "about:blank"
1500533100063	Marionette	DEBUG	Received DOM event "DOMContentLoaded" for "http://localhost:8000/"
1500533100187	Marionette	DEBUG	Received DOM event "pageshow" for "http://localhost:8000/"
2017-07-19 23:45:00.432 plugin-container[3320:62940] *** CFMessagePort: bootstrap_register(): failed 1100 (0x44c) 'Permission denied', port = 0x973f, name = 'com.apple.tsm.portname'
See /usr/include/servers/bootstrap_defs.h for the error codes.
2017-07-19 23:45:00.436 plugin-container[3320:62940] *** CFMessagePort: bootstrap_register(): failed 1100 (0x44c) 'Permission denied', port = 0x9b03, name = 'com.apple.CFPasteboardClient'
See /usr/include/servers/bootstrap_defs.h for the error codes.
1500533129108	Marionette	INFO	Ceased listening
1500533135260	Marionette	INFO	Ceased listening
1500697240842	geckodriver	INFO	geckodriver 0.18.0
1500697240929	geckodriver	INFO	Listening on 127.0.0.1:52793
1500697241910	geckodriver::marionette	INFO	Starting browser /Applications/Firefox.app/Contents/MacOS/firefox-bin with args ["-marionette"]
1500697245489	Marionette	INFO	Listening on port 52802
1500697245603	Marionette	WARN	TLS certificate errors will be ignored for this session
1500697245923	Marionette	DEBUG	loaded listener.js
1500697246026	Marionette	DEBUG	Received DOM event "beforeunload" for "about:blank"
2017-07-21 21:20:46.080 plugin-container[7534:379015] *** CFMessagePort: bootstrap_register(): failed 1100 (0x44c) 'Permission denied', port = 0x943b, name = 'com.apple.tsm.portname'
See /usr/include/servers/bootstrap_defs.h for the error codes.
2017-07-21 21:20:46.085 plugin-container[7534:379015] *** CFMessagePort: bootstrap_register(): failed 1100 (0x44c) 'Permission denied', port = 0x9703, name = 'com.apple.CFPasteboardClient'
See /usr/include/servers/bootstrap_defs.h for the error codes.
1500697246097	Marionette	DEBUG	Received DOM event "pagehide" for "about:blank"
1500697246097	Marionette	DEBUG	Received DOM event "unload" for "about:blank"
1500697246109	Marionette	DEBUG	Received DOM event "DOMContentLoaded" for "http://localhost:8000/"
1500697246146	Marionette	DEBUG	Received DOM event "pageshow" for "http://localhost:8000/"
1500697246228	Marionette	INFO	New connections will no longer be accepted
